TN:
SF:src/domain/@shared/event/event-dispatcher.ts
FN:8,get getEventHandlers
FN:12,register
FN:19,unregister
FN:28,unregisterAll
FN:32,notify
FNF:5
FNH:5
FNDA:11,get getEventHandlers
FNDA:7,register
FNDA:1,unregister
FNDA:1,unregisterAll
FNDA:3,notify
DA:1,1
DA:2,1
DA:3,1
DA:4,1
DA:5,1
DA:6,1
DA:7,1
DA:8,1
DA:9,11
DA:10,11
DA:11,1
DA:12,1
DA:13,7
DA:14,6
DA:15,6
DA:16,7
DA:17,7
DA:18,1
DA:19,1
DA:20,1
DA:21,1
DA:22,1
DA:23,1
DA:24,1
DA:25,1
DA:26,1
DA:27,1
DA:28,1
DA:29,1
DA:30,1
DA:31,1
DA:32,1
DA:33,3
DA:34,3
DA:35,3
DA:36,4
DA:37,4
DA:38,3
DA:39,3
DA:40,1
LF:40
LH:40
BRDA:8,0,0,11
BRDA:12,1,0,7
BRDA:13,2,0,6
BRDA:19,3,0,1
BRDA:28,4,0,1
BRDA:32,5,0,3
BRDA:35,6,0,4
BRF:7
BRH:7
end_of_record
TN:
SF:src/domain/checkout/entity/order.ts
FN:16,get id
FN:20,get customerId
FN:24,set customerId
FN:28,get items
FN:32,validate
FN:50,total
FN:54,addItem
FN:8,Order
FNF:8
FNH:7
FNDA:12,get id
FNDA:7,get customerId
FNDA:1,set customerId
FNDA:6,get items
FNDA:16,validate
FNDA:31,total
FNDA:0,addItem
FNDA:16,Order
DA:1,1
DA:2,1
DA:3,1
DA:4,1
DA:5,1
DA:6,1
DA:7,1
DA:8,1
DA:9,16
DA:10,16
DA:11,16
DA:12,16
DA:13,16
DA:14,16
DA:15,1
DA:16,1
DA:17,12
DA:18,12
DA:19,1
DA:20,1
DA:21,7
DA:22,7
DA:23,1
DA:24,1
DA:25,1
DA:26,1
DA:27,1
DA:28,1
DA:29,6
DA:30,6
DA:31,1
DA:32,1
DA:33,16
DA:34,1
DA:35,1
DA:36,16
DA:37,1
DA:38,1
DA:39,16
DA:40,1
DA:41,1
DA:42,13
DA:43,16
DA:44,1
DA:45,1
DA:46,12
DA:47,12
DA:48,12
DA:49,1
DA:50,1
DA:51,31
DA:52,31
DA:53,1
DA:54,1
DA:55,0
DA:56,0
DA:57,0
DA:58,1
LF:58
LH:55
BRDA:16,0,0,12
BRDA:20,1,0,7
BRDA:24,2,0,1
BRDA:28,3,0,6
BRDA:32,4,0,16
BRDA:33,5,0,1
BRDA:35,6,0,15
BRDA:36,7,0,1
BRDA:38,8,0,14
BRDA:39,9,0,1
BRDA:41,10,0,13
BRDA:43,11,0,1
BRDA:45,12,0,12
BRDA:43,13,0,18
BRDA:50,14,0,31
BRDA:51,15,0,37
BRDA:8,16,0,16
BRF:17
BRH:17
end_of_record
TN:
SF:src/domain/checkout/entity/order_item.ts
FN:24,get id
FN:28,get name
FN:32,get productId
FN:36,get quantity
FN:40,get price
FN:44,total
FN:9,OrderItem
FNF:7
FNH:7
FNDA:11,get id
FNDA:11,get name
FNDA:9,get productId
FNDA:29,get quantity
FNDA:11,get price
FNDA:54,total
FNDA:17,OrderItem
DA:1,1
DA:2,1
DA:3,1
DA:4,1
DA:5,1
DA:6,1
DA:7,1
DA:8,1
DA:9,1
DA:10,17
DA:11,17
DA:12,17
DA:13,17
DA:14,17
DA:15,17
DA:16,17
DA:17,17
DA:18,17
DA:19,17
DA:20,17
DA:21,17
DA:22,17
DA:23,1
DA:24,1
DA:25,11
DA:26,11
DA:27,1
DA:28,1
DA:29,11
DA:30,11
DA:31,1
DA:32,1
DA:33,9
DA:34,9
DA:35,1
DA:36,1
DA:37,29
DA:38,29
DA:39,1
DA:40,1
DA:41,11
DA:42,11
DA:43,1
DA:44,1
DA:45,54
DA:46,54
DA:47,1
LF:47
LH:47
BRDA:24,0,0,11
BRDA:28,1,0,11
BRDA:32,2,0,9
BRDA:36,3,0,29
BRDA:40,4,0,11
BRDA:44,5,0,54
BRDA:9,6,0,17
BRF:7
BRH:7
end_of_record
TN:
SF:src/domain/checkout/factory/order.factory.ts
FN:17,create
FNF:1
FNH:1
FNDA:1,create
DA:1,1
DA:2,1
DA:3,1
DA:4,1
DA:5,1
DA:6,1
DA:7,1
DA:8,1
DA:9,1
DA:10,1
DA:11,1
DA:12,1
DA:13,1
DA:14,1
DA:15,1
DA:16,1
DA:17,1
DA:18,1
DA:19,1
DA:20,1
DA:21,1
DA:22,1
DA:23,1
DA:24,1
DA:25,1
DA:26,1
DA:27,1
DA:28,1
DA:29,1
DA:30,1
DA:31,1
LF:31
LH:31
BRDA:17,0,0,1
BRDA:18,1,0,1
BRF:2
BRH:2
end_of_record
TN:
SF:src/domain/checkout/service/order.service.ts
FN:7,placeOrder
FN:16,total
FNF:2
FNH:2
FNDA:1,placeOrder
FNDA:1,total
DA:1,1
DA:2,1
DA:3,1
DA:4,1
DA:5,1
DA:6,1
DA:7,1
DA:8,1
DA:9,0
DA:10,0
DA:11,1
DA:12,1
DA:13,1
DA:14,1
DA:15,1
DA:16,1
DA:17,1
DA:18,1
DA:19,1
LF:19
LH:17
BRDA:7,0,0,1
BRDA:8,1,0,0
BRDA:16,2,0,1
BRDA:17,3,0,2
BRF:4
BRH:3
end_of_record
TN:
SF:src/domain/customer/entity/customer.ts
FN:16,get id
FN:20,get name
FN:24,get rewardPoints
FN:28,validate
FN:37,changeName
FN:42,get Address
FN:46,changeAddress
FN:50,isActive
FN:54,activate
FN:61,deactivate
FN:65,addRewardPoints
FN:69,set Address
FN:10,Customer
FNF:13
FNH:13
FNDA:15,get id
FNDA:16,get name
FNDA:17,get rewardPoints
FNDA:25,validate
FNDA:2,changeName
FNDA:46,get Address
FNDA:9,changeAddress
FNDA:15,isActive
FNDA:4,activate
FNDA:1,deactivate
FNDA:7,addRewardPoints
FNDA:6,set Address
FNDA:23,Customer
DA:1,1
DA:2,1
DA:3,1
DA:4,1
DA:5,1
DA:6,1
DA:7,1
DA:8,1
DA:9,1
DA:10,1
DA:11,23
DA:12,23
DA:13,23
DA:14,23
DA:15,1
DA:16,1
DA:17,15
DA:18,15
DA:19,1
DA:20,1
DA:21,16
DA:22,16
DA:23,1
DA:24,1
DA:25,17
DA:26,17
DA:27,1
DA:28,1
DA:29,25
DA:30,1
DA:31,1
DA:32,25
DA:33,1
DA:34,1
DA:35,25
DA:36,1
DA:37,1
DA:38,2
DA:39,2
DA:40,2
DA:41,1
DA:42,1
DA:43,46
DA:44,46
DA:45,1
DA:46,1
DA:47,9
DA:48,9
DA:49,1
DA:50,1
DA:51,15
DA:52,15
DA:53,1
DA:54,1
DA:55,4
DA:56,1
DA:57,1
DA:58,3
DA:59,3
DA:60,1
DA:61,1
DA:62,1
DA:63,1
DA:64,1
DA:65,1
DA:66,7
DA:67,7
DA:68,1
DA:69,1
DA:70,6
DA:71,6
DA:72,1
LF:72
LH:72
BRDA:16,0,0,15
BRDA:20,1,0,16
BRDA:24,2,0,17
BRDA:28,3,0,25
BRDA:29,4,0,1
BRDA:31,5,0,24
BRDA:32,6,0,1
BRDA:37,7,0,2
BRDA:42,8,0,46
BRDA:46,9,0,9
BRDA:50,10,0,15
BRDA:54,11,0,4
BRDA:55,12,0,3
BRDA:55,13,0,1
BRDA:61,14,0,1
BRDA:65,15,0,7
BRDA:69,16,0,6
BRDA:10,17,0,23
BRF:18
BRH:18
end_of_record
TN:
SF:src/domain/customer/event/customer-change-address.event.ts
FN:7,CustomerChangeAddressEvent
FNF:1
FNH:1
FNDA:1,CustomerChangeAddressEvent
DA:1,1
DA:2,1
DA:3,1
DA:4,1
DA:5,1
DA:6,1
DA:7,1
DA:8,1
DA:9,1
DA:10,1
DA:11,1
LF:11
LH:11
BRDA:7,0,0,1
BRF:1
BRH:1
end_of_record
TN:
SF:src/domain/customer/event/customer-created.event.ts
FN:7,CustomerCreatedEvent
FNF:1
FNH:1
FNDA:1,CustomerCreatedEvent
DA:1,1
DA:2,1
DA:3,1
DA:4,1
DA:5,1
DA:6,1
DA:7,1
DA:8,1
DA:9,1
DA:10,1
DA:11,1
LF:11
LH:11
BRDA:7,0,0,1
BRF:1
BRH:1
end_of_record
TN:
SF:src/domain/customer/event/handler/customer-change-address.handler.ts
FN:8,handle
FNF:1
FNH:1
FNDA:1,handle
DA:1,1
DA:2,1
DA:3,1
DA:4,1
DA:5,1
DA:6,1
DA:7,1
DA:8,1
DA:9,1
DA:10,1
DA:11,1
LF:11
LH:11
BRDA:8,0,0,1
BRF:1
BRH:1
end_of_record
TN:
SF:src/domain/customer/event/handler/customer-is-created.handler.ts
FN:8,handle
FNF:1
FNH:1
FNDA:1,handle
DA:1,1
DA:2,1
DA:3,1
DA:4,1
DA:5,1
DA:6,1
DA:7,1
DA:8,1
DA:9,1
DA:10,1
DA:11,1
LF:11
LH:11
BRDA:8,0,0,1
BRF:1
BRH:1
end_of_record
TN:
SF:src/domain/customer/event/handler/customer2-is-created.handler.ts
FN:8,handle
FNF:1
FNH:1
FNDA:1,handle
DA:1,1
DA:2,1
DA:3,1
DA:4,1
DA:5,1
DA:6,1
DA:7,1
DA:8,1
DA:9,1
DA:10,1
DA:11,1
LF:11
LH:11
BRDA:8,0,0,1
BRF:1
BRH:1
end_of_record
TN:
SF:src/domain/customer/factory/customer.factory.ts
FN:6,create
FN:10,createWithAddress
FNF:2
FNH:2
FNDA:1,create
FNDA:1,createWithAddress
DA:1,1
DA:2,1
DA:3,1
DA:4,1
DA:5,1
DA:6,1
DA:7,1
DA:8,1
DA:9,1
DA:10,1
DA:11,1
DA:12,1
DA:13,1
DA:14,1
DA:15,1
LF:15
LH:15
BRDA:6,0,0,1
BRDA:10,1,0,1
BRF:2
BRH:2
end_of_record
TN:
SF:src/domain/customer/value-object/address.ts
FN:16,get street
FN:20,get number
FN:24,get zip
FN:28,get city
FN:32,validate
FN:47,toString
FN:7,Address
FNF:7
FNH:6
FNDA:13,get street
FNDA:13,get number
FNDA:13,get zip
FNDA:13,get city
FNDA:15,validate
FNDA:0,toString
FNDA:15,Address
DA:1,1
DA:2,1
DA:3,1
DA:4,1
DA:5,1
DA:6,1
DA:7,1
DA:8,15
DA:9,15
DA:10,15
DA:11,15
DA:12,15
DA:13,15
DA:14,15
DA:15,1
DA:16,1
DA:17,13
DA:18,13
DA:19,1
DA:20,1
DA:21,13
DA:22,13
DA:23,1
DA:24,1
DA:25,13
DA:26,13
DA:27,1
DA:28,1
DA:29,13
DA:30,13
DA:31,1
DA:32,1
DA:33,15
DA:34,0
DA:35,0
DA:36,15
DA:37,0
DA:38,0
DA:39,15
DA:40,0
DA:41,0
DA:42,15
DA:43,0
DA:44,0
DA:45,15
DA:46,1
DA:47,1
DA:48,0
DA:49,0
DA:50,1
LF:50
LH:40
BRDA:16,0,0,13
BRDA:20,1,0,13
BRDA:24,2,0,13
BRDA:28,3,0,13
BRDA:32,4,0,15
BRDA:33,5,0,0
BRDA:36,6,0,0
BRDA:39,7,0,0
BRDA:42,8,0,0
BRDA:7,9,0,15
BRF:10
BRH:6
end_of_record
TN:
SF:src/domain/product/entity/product-b.ts
FN:15,get id
FN:19,get name
FN:23,get price
FN:27,changeName
FN:32,changePrice
FN:37,validate
FN:8,ProductB
FNF:7
FNH:5
FNDA:1,get id
FNDA:1,get name
FNDA:1,get price
FNDA:0,changeName
FNDA:0,changePrice
FNDA:1,validate
FNDA:1,ProductB
DA:1,1
DA:2,1
DA:3,1
DA:4,1
DA:5,1
DA:6,1
DA:7,1
DA:8,1
DA:9,1
DA:10,1
DA:11,1
DA:12,1
DA:13,1
DA:14,1
DA:15,1
DA:16,1
DA:17,1
DA:18,1
DA:19,1
DA:20,1
DA:21,1
DA:22,1
DA:23,1
DA:24,1
DA:25,1
DA:26,1
DA:27,1
DA:28,0
DA:29,0
DA:30,0
DA:31,1
DA:32,1
DA:33,0
DA:34,0
DA:35,0
DA:36,1
DA:37,1
DA:38,1
DA:39,0
DA:40,0
DA:41,1
DA:42,0
DA:43,0
DA:44,1
DA:45,0
DA:46,0
DA:47,1
DA:48,1
DA:49,1
LF:49
LH:37
BRDA:15,0,0,1
BRDA:19,1,0,1
BRDA:23,2,0,1
BRDA:37,3,0,1
BRDA:38,4,0,0
BRDA:41,5,0,0
BRDA:44,6,0,0
BRDA:8,7,0,1
BRF:8
BRH:5
end_of_record
TN:
SF:src/domain/product/entity/product.ts
FN:15,get id
FN:19,get name
FN:23,get price
FN:27,changeName
FN:32,changePrice
FN:37,validate
FN:8,Product
FNF:7
FNH:7
FNDA:21,get id
FNDA:22,get name
FNDA:28,get price
FNDA:2,changeName
FNDA:4,changePrice
FNDA:29,validate
FNDA:23,Product
DA:1,1
DA:2,1
DA:3,1
DA:4,1
DA:5,1
DA:6,1
DA:7,1
DA:8,1
DA:9,23
DA:10,23
DA:11,23
DA:12,23
DA:13,23
DA:14,1
DA:15,1
DA:16,21
DA:17,21
DA:18,1
DA:19,1
DA:20,22
DA:21,22
DA:22,1
DA:23,1
DA:24,28
DA:25,28
DA:26,1
DA:27,1
DA:28,2
DA:29,2
DA:30,2
DA:31,1
DA:32,1
DA:33,4
DA:34,4
DA:35,4
DA:36,1
DA:37,1
DA:38,29
DA:39,1
DA:40,1
DA:41,29
DA:42,1
DA:43,1
DA:44,29
DA:45,1
DA:46,1
DA:47,26
DA:48,26
DA:49,1
LF:49
LH:49
BRDA:15,0,0,21
BRDA:19,1,0,22
BRDA:23,2,0,28
BRDA:27,3,0,2
BRDA:32,4,0,4
BRDA:37,5,0,29
BRDA:38,6,0,1
BRDA:40,7,0,28
BRDA:41,8,0,1
BRDA:43,9,0,27
BRDA:44,10,0,1
BRDA:46,11,0,26
BRDA:8,12,0,23
BRF:13
BRH:13
end_of_record
TN:
SF:src/domain/product/event/product-created.event.ts
FN:7,ProductCreatedEvent
FNF:1
FNH:1
FNDA:1,ProductCreatedEvent
DA:1,1
DA:2,1
DA:3,1
DA:4,1
DA:5,1
DA:6,1
DA:7,1
DA:8,1
DA:9,1
DA:10,1
DA:11,1
LF:11
LH:11
BRDA:7,0,0,1
BRF:1
BRH:1
end_of_record
TN:
SF:src/domain/product/event/handler/send-email-when-product-is-created.handler.ts
FN:7,handle
FNF:1
FNH:1
FNDA:1,handle
DA:1,1
DA:2,1
DA:3,1
DA:4,1
DA:5,1
DA:6,1
DA:7,1
DA:8,1
DA:9,1
DA:10,1
LF:10
LH:10
BRDA:7,0,0,1
BRF:1
BRH:1
end_of_record
TN:
SF:src/domain/product/factory/product.factory.ts
FN:7,create
FNF:1
FNH:1
FNDA:3,create
DA:1,1
DA:2,1
DA:3,1
DA:4,1
DA:5,1
DA:6,1
DA:7,1
DA:8,3
DA:9,3
DA:10,3
DA:11,3
DA:12,3
DA:13,3
DA:14,1
DA:15,3
DA:16,1
DA:17,3
DA:18,1
DA:19,3
DA:20,3
DA:21,1
LF:21
LH:21
BRDA:7,0,0,3
BRDA:13,1,0,1
BRDA:15,2,0,1
BRDA:17,3,0,1
BRF:4
BRH:4
end_of_record
TN:
SF:src/domain/product/service/product.service.ts
FN:4,increasePrice
FNF:1
FNH:1
FNDA:1,increasePrice
DA:1,1
DA:2,1
DA:3,1
DA:4,1
DA:5,1
DA:6,2
DA:7,2
DA:8,1
DA:9,1
DA:10,1
LF:10
LH:10
BRDA:4,0,0,1
BRDA:5,1,0,2
BRF:2
BRH:2
end_of_record
TN:
SF:src/infrastructure/customer/repository/sequelize/customer.model.ts
FNF:0
FNH:0
DA:1,1
DA:2,1
DA:3,1
DA:4,1
DA:5,1
DA:6,1
DA:7,1
DA:8,1
DA:9,1
DA:10,1
DA:11,1
DA:12,1
DA:13,1
DA:14,1
DA:15,1
DA:16,1
DA:17,1
DA:18,1
DA:19,1
DA:20,1
DA:21,1
DA:22,1
DA:23,1
DA:24,1
DA:25,1
DA:26,1
DA:27,1
DA:28,1
DA:29,1
DA:30,1
DA:31,1
DA:32,1
DA:33,1
DA:34,1
DA:35,1
DA:36,1
DA:37,1
LF:37
LH:37
BRF:0
BRH:0
end_of_record
TN:
SF:src/infrastructure/customer/repository/sequelize/customer.repository.ts
FN:7,create
FN:20,update
FN:39,find
FN:63,findAll
FNF:4
FNH:4
FNDA:10,create
FNDA:1,update
FNDA:2,find
FNDA:1,findAll
DA:1,1
DA:2,1
DA:3,1
DA:4,1
DA:5,1
DA:6,1
DA:7,1
DA:8,10
DA:9,10
DA:10,10
DA:11,10
DA:12,10
DA:13,10
DA:14,10
DA:15,10
DA:16,10
DA:17,10
DA:18,10
DA:19,1
DA:20,1
DA:21,1
DA:22,1
DA:23,1
DA:24,1
DA:25,1
DA:26,1
DA:27,1
DA:28,1
DA:29,1
DA:30,1
DA:31,1
DA:32,1
DA:33,1
DA:34,1
DA:35,1
DA:36,1
DA:37,1
DA:38,1
DA:39,1
DA:40,2
DA:41,2
DA:42,2
DA:43,2
DA:44,2
DA:45,2
DA:46,2
DA:47,2
DA:48,1
DA:49,1
DA:50,1
DA:51,1
DA:52,1
DA:53,1
DA:54,1
DA:55,1
DA:56,1
DA:57,1
DA:58,1
DA:59,1
DA:60,1
DA:61,0
DA:62,1
DA:63,1
DA:64,1
DA:65,1
DA:66,1
DA:67,2
DA:68,2
DA:69,2
DA:70,2
DA:71,2
DA:72,2
DA:73,2
DA:74,2
DA:75,2
DA:76,2
DA:77,1
DA:78,1
DA:79,2
DA:80,2
DA:81,1
DA:82,1
DA:83,0
DA:84,1
LF:84
LH:82
BRDA:7,0,0,10
BRDA:20,1,0,1
BRDA:39,2,0,2
BRDA:47,3,0,1
BRDA:60,4,0,0
BRDA:63,5,0,1
BRDA:82,6,0,0
BRDA:66,7,0,2
BRDA:76,8,0,1
BRF:9
BRH:7
end_of_record
TN:
SF:src/infrastructure/order/repository/sequilize/order-item.model.ts
FNF:0
FNH:0
DA:1,1
DA:2,1
DA:3,1
DA:4,1
DA:5,1
DA:6,1
DA:7,1
DA:8,1
DA:9,1
DA:10,1
DA:11,1
DA:12,1
DA:13,1
DA:14,1
DA:15,1
DA:16,1
DA:17,1
DA:18,1
DA:19,1
DA:20,1
DA:21,1
DA:22,1
DA:23,1
DA:24,1
DA:25,1
DA:26,1
DA:27,1
DA:28,1
DA:29,1
DA:30,1
DA:31,1
DA:32,1
DA:33,1
DA:34,1
DA:35,1
DA:36,1
DA:37,1
DA:38,1
DA:39,1
DA:40,1
DA:41,1
DA:42,1
DA:43,1
DA:44,1
LF:44
LH:44
BRDA:27,0,0,0
BRDA:34,1,0,0
BRDA:22,2,0,20
BRDA:26,3,0,8
BRDA:29,4,0,8
BRDA:33,5,0,8
BRF:6
BRH:4
end_of_record
TN:
SF:src/infrastructure/order/repository/sequilize/order.model.ts
FNF:0
FNH:0
DA:1,1
DA:2,1
DA:3,1
DA:4,1
DA:5,1
DA:6,1
DA:7,1
DA:8,1
DA:9,1
DA:10,1
DA:11,1
DA:12,1
DA:13,1
DA:14,1
DA:15,1
DA:16,1
DA:17,1
DA:18,1
DA:19,1
DA:20,1
DA:21,1
DA:22,1
DA:23,1
DA:24,1
DA:25,1
DA:26,1
DA:27,1
DA:28,1
DA:29,1
DA:30,1
DA:31,1
DA:32,1
DA:33,1
DA:34,1
LF:34
LH:34
BRDA:27,0,0,0
BRDA:22,1,0,4
BRDA:26,2,0,14
BRDA:29,3,0,14
BRF:4
BRH:3
end_of_record
TN:
SF:src/infrastructure/order/repository/sequilize/order.repository.ts
FN:8,create
FN:28,update
FN:48,find
FN:61,findAll
FNF:4
FNH:4
FNDA:4,create
FNDA:1,update
FNDA:1,find
FNDA:1,findAll
DA:1,1
DA:2,1
DA:3,1
DA:4,1
DA:5,1
DA:6,1
DA:7,1
DA:8,1
DA:9,4
DA:10,4
DA:11,4
DA:12,4
DA:13,4
DA:14,4
DA:15,6
DA:16,6
DA:17,6
DA:18,6
DA:19,6
DA:20,6
DA:21,4
DA:22,4
DA:23,4
DA:24,4
DA:25,4
DA:26,4
DA:27,1
DA:28,1
DA:29,1
DA:30,1
DA:31,1
DA:32,1
DA:33,1
DA:34,1
DA:35,1
DA:36,1
DA:37,1
DA:38,1
DA:39,1
DA:40,1
DA:41,1
DA:42,1
DA:43,1
DA:44,1
DA:45,1
DA:46,1
DA:47,1
DA:48,1
DA:49,1
DA:50,1
DA:51,1
DA:52,1
DA:53,1
DA:54,1
DA:55,1
DA:56,1
DA:57,1
DA:58,0
DA:59,0
DA:60,1
DA:61,1
DA:62,1
DA:63,1
DA:64,1
DA:65,1
DA:66,1
DA:67,1
DA:68,2
DA:69,0
DA:70,0
DA:71,1
LF:71
LH:67
BRDA:8,0,0,4
BRDA:14,1,0,6
BRDA:28,2,0,1
BRDA:32,3,0,1
BRDA:48,4,0,1
BRDA:57,5,0,0
BRDA:57,6,0,2
BRDA:61,7,0,1
BRDA:68,8,0,0
BRDA:67,9,0,1
BRDA:67,10,0,2
BRF:11
BRH:9
end_of_record
TN:
SF:src/infrastructure/product/repository/sequelize/product.model.ts
FNF:0
FNH:0
DA:1,1
DA:2,1
DA:3,1
DA:4,1
DA:5,1
DA:6,1
DA:7,1
DA:8,1
DA:9,1
DA:10,1
DA:11,1
DA:12,1
DA:13,1
DA:14,1
DA:15,1
DA:16,1
DA:17,1
LF:17
LH:17
BRF:0
BRH:0
end_of_record
TN:
SF:src/infrastructure/product/repository/sequelize/product.repository.ts
FN:6,create
FN:14,update
FN:28,find
FN:33,findAll
FNF:4
FNH:4
FNDA:12,create
FNDA:1,update
FNDA:1,find
FNDA:1,findAll
DA:1,1
DA:2,1
DA:3,1
DA:4,1
DA:5,1
DA:6,1
DA:7,12
DA:8,12
DA:9,12
DA:10,12
DA:11,12
DA:12,12
DA:13,1
DA:14,1
DA:15,1
DA:16,1
DA:17,1
DA:18,1
DA:19,1
DA:20,1
DA:21,1
DA:22,1
DA:23,1
DA:24,1
DA:25,1
DA:26,1
DA:27,1
DA:28,1
DA:29,1
DA:30,1
DA:31,0
DA:32,1
DA:33,1
DA:34,1
DA:35,1
DA:36,2
DA:37,0
DA:38,0
DA:39,1
LF:39
LH:36
BRDA:6,0,0,12
BRDA:14,1,0,1
BRDA:28,2,0,1
BRDA:30,3,0,0
BRDA:33,4,0,1
BRDA:36,5,0,0
BRDA:35,6,0,2
BRF:7
BRH:5
end_of_record
